{
  "RSpec": {
    "coverage": {
      "/Users/oliverpople/Desktop/Makers/Projects/GildedRose-Refactoring-Kata/ruby/spec/gilded_rose_spec.rb": [
        1,
        null,
        1,
        1,
        null,
        1,
        1,
        1,
        1,
        null,
        null,
        1,
        1,
        1,
        1,
        null,
        null,
        1,
        1,
        1,
        1,
        null,
        null,
        1,
        1,
        1,
        1,
        null,
        null,
        1,
        1,
        1,
        1,
        null,
        null,
        1,
        1,
        1,
        1,
        null,
        null,
        1,
        1,
        1,
        1,
        null,
        null,
        1,
        1,
        1,
        1,
        null,
        null,
        1,
        1,
        1,
        1,
        null,
        null,
        1,
        1,
        1,
        1,
        null,
        null,
        1,
        1,
        1,
        1,
        null,
        null,
        null,
        null,
        null,
        null,
        null,
        null,
        null,
        null,
        null,
        null,
        null,
        null,
        null,
        null,
        null,
        null
      ],
      "/Users/oliverpople/Desktop/Makers/Projects/GildedRose-Refactoring-Kata/ruby/gilded_rose.rb": [
        1,
        1,
        11,
        null,
        null,
        1,
        11,
        11,
        5,
        3,
        2,
        null,
        null,
        null,
        6,
        5,
        5,
        3,
        3,
        null,
        3,
        2,
        null,
        null,
        null,
        null,
        11,
        10,
        null,
        11,
        5,
        4,
        3,
        0,
        0,
        null,
        null,
        null,
        1,
        null,
        null,
        1,
        null,
        null,
        null,
        null,
        null,
        null,
        1,
        11,
        null,
        null,
        1,
        1,
        null,
        1,
        11,
        11,
        11,
        null,
        null,
        1,
        0,
        null,
        null
      ]
    },
    "timestamp": 1511884741
  }
}
