{
  "RSpec": {
    "coverage": {
      "/Users/oliverpople/Desktop/Makers/Projects/GildedRose-Refactoring-Kata/ruby/spec/gilded_rose_spec.rb": [
        1,
        null,
        1,
        1,
        null,
        1,
        1,
        1,
        1,
        null,
        null,
        1,
        1,
        1,
        1,
        null,
        null,
        1,
        1,
        1,
        1,
        null,
        null,
        1,
        1,
        1,
        1,
        null,
        null,
        1,
        1,
        1,
        1,
        null,
        null,
        null,
        null,
        null,
        null,
        null,
        null,
        null,
        null,
        null,
        null,
        null,
        null,
        null,
        null
      ],
      "/Users/oliverpople/Desktop/Makers/Projects/GildedRose-Refactoring-Kata/ruby/gilded_rose.rb": [
        1,
        null,
        1,
        5,
        null,
        null,
        1,
        5,
        5,
        3,
        1,
        1,
        null,
        null,
        null,
        2,
        1,
        1,
        0,
        0,
        0,
        null,
        null,
        0,
        0,
        0,
        null,
        null,
        null,
        null,
        null,
        5,
        5,
        null,
        5,
        3,
        3,
        3,
        1,
        1,
        null,
        null,
        null,
        0,
        null,
        null,
        0,
        0,
        null,
        null,
        null,
        null,
        null,
        null,
        null,
        1,
        1,
        null,
        1,
        5,
        5,
        5,
        null,
        null,
        1,
        0,
        null,
        null
      ]
    },
    "timestamp": 1511880566
  }
}
